2019-12-09 16:00:09 DEBUG logging:37 - Logging Provider: org.jboss.logging.Log4jLoggerProvider
2019-12-09 16:00:09 INFO  servletWeldServlet:58 - WELD-ENV-001008: Initialize Weld using ServletContainerInitializer
2019-12-09 16:00:10 INFO  Version:145 - WELD-000900: 3.0.2 (Final)
2019-12-09 16:00:10 DEBUG Bootstrap:129 - WELD-ENV-000030: Cannot load class using the ResourceLoader: org.jboss.jandex.Index
2019-12-09 16:00:10 DEBUG Bootstrap:129 - WELD-ENV-000030: Cannot load class using the ResourceLoader: org.jboss.jandex.Index
2019-12-09 16:00:10 DEBUG Bootstrap:307 - WELD-ENV-000024: Archive isolation enabled - creating multiple isolated bean archives if needed
2019-12-09 16:00:10 WARN  Bootstrap:163 - WELD-ENV-000028: Weld initialization skipped - no bean archive found
2019-12-09 16:00:18 INFO  ProvincialDAOImpl:31 - SELECT * FROM provincial WHERE name = ?
2019-12-09 16:00:18 INFO  VehicleDAOImpl:66 - SELECT V.id, V.license_plate, V.seat, V.weight, V.business_type_id, V.provincial_id, V.transport_unit_id, V.data_transport_id FROM vehicle V JOIN provincial P on V.provincial_id = P.id WHERE V.provincial_id = ?
2019-12-09 16:00:21 INFO  ProvincialDAOImpl:24 - SELECT * FROM provincial WHERE id = ?
2019-12-09 16:00:21 INFO  BusinessTypeDAOImpl:36 - SELECT * FROM business_type WHERE id = ?
2019-12-09 16:00:21 INFO  CompanyDAOImpl:33 - SELECT * FROM company WHERE id = ?
2019-12-09 16:00:21 INFO  CompanyDAOImpl:33 - SELECT * FROM company WHERE id = ?
2019-12-09 16:00:21 INFO  BusinessTypeDAOImpl:36 - SELECT * FROM business_type WHERE id = ?
2019-12-09 16:00:21 INFO  CompanyDAOImpl:33 - SELECT * FROM company WHERE id = ?
2019-12-09 16:00:22 INFO  CompanyDAOImpl:33 - SELECT * FROM company WHERE id = ?
2019-12-09 16:00:22 INFO  BusinessTypeDAOImpl:36 - SELECT * FROM business_type WHERE id = ?
2019-12-09 16:00:22 INFO  CompanyDAOImpl:33 - SELECT * FROM company WHERE id = ?
2019-12-09 16:00:22 INFO  CompanyDAOImpl:33 - SELECT * FROM company WHERE id = ?
2019-12-09 16:00:22 INFO  BusinessTypeDAOImpl:36 - SELECT * FROM business_type WHERE id = ?
2019-12-09 16:00:22 INFO  CompanyDAOImpl:33 - SELECT * FROM company WHERE id = ?
2019-12-09 16:00:22 INFO  CompanyDAOImpl:33 - SELECT * FROM company WHERE id = ?
2019-12-09 16:00:22 INFO  BusinessTypeDAOImpl:36 - SELECT * FROM business_type WHERE id = ?
2019-12-09 16:00:22 INFO  CompanyDAOImpl:33 - SELECT * FROM company WHERE id = ?
2019-12-09 16:00:22 INFO  CompanyDAOImpl:33 - SELECT * FROM company WHERE id = ?
2019-12-09 16:00:22 INFO  BusinessTypeDAOImpl:36 - SELECT * FROM business_type WHERE id = ?
2019-12-09 16:00:22 INFO  CompanyDAOImpl:33 - SELECT * FROM company WHERE id = ?
2019-12-09 16:00:22 INFO  CompanyDAOImpl:33 - SELECT * FROM company WHERE id = ?
2019-12-09 16:00:22 INFO  BusinessTypeDAOImpl:36 - SELECT * FROM business_type WHERE id = ?
2019-12-09 16:00:22 INFO  CompanyDAOImpl:33 - SELECT * FROM company WHERE id = ?
2019-12-09 16:00:22 INFO  CompanyDAOImpl:33 - SELECT * FROM company WHERE id = ?
2019-12-09 16:00:23 INFO  BusinessTypeDAOImpl:36 - SELECT * FROM business_type WHERE id = ?
2019-12-09 16:00:23 INFO  CompanyDAOImpl:33 - SELECT * FROM company WHERE id = ?
2019-12-09 16:00:23 INFO  CompanyDAOImpl:33 - SELECT * FROM company WHERE id = ?
2019-12-09 16:00:23 INFO  BusinessTypeDAOImpl:36 - SELECT * FROM business_type WHERE id = ?
2019-12-09 16:00:23 INFO  CompanyDAOImpl:33 - SELECT * FROM company WHERE id = ?
2019-12-09 16:00:23 INFO  CompanyDAOImpl:33 - SELECT * FROM company WHERE id = ?
2019-12-09 16:00:23 INFO  BusinessTypeDAOImpl:36 - SELECT * FROM business_type WHERE id = ?
2019-12-09 16:00:23 INFO  CompanyDAOImpl:33 - SELECT * FROM company WHERE id = ?
2019-12-09 16:00:23 INFO  CompanyDAOImpl:33 - SELECT * FROM company WHERE id = ?
2019-12-09 16:00:23 INFO  BusinessTypeDAOImpl:36 - SELECT * FROM business_type WHERE id = ?
2019-12-09 16:00:23 INFO  CompanyDAOImpl:33 - SELECT * FROM company WHERE id = ?
2019-12-09 16:00:23 INFO  CompanyDAOImpl:33 - SELECT * FROM company WHERE id = ?
2019-12-09 16:00:23 INFO  BusinessTypeDAOImpl:36 - SELECT * FROM business_type WHERE id = ?
2019-12-09 16:00:23 INFO  CompanyDAOImpl:33 - SELECT * FROM company WHERE id = ?
2019-12-09 16:00:23 INFO  CompanyDAOImpl:33 - SELECT * FROM company WHERE id = ?
2019-12-09 16:00:23 INFO  BusinessTypeDAOImpl:36 - SELECT * FROM business_type WHERE id = ?
2019-12-09 16:00:24 INFO  CompanyDAOImpl:33 - SELECT * FROM company WHERE id = ?
2019-12-09 16:00:24 INFO  CompanyDAOImpl:33 - SELECT * FROM company WHERE id = ?
2019-12-09 16:00:24 INFO  BusinessTypeDAOImpl:36 - SELECT * FROM business_type WHERE id = ?
2019-12-09 16:00:24 INFO  CompanyDAOImpl:33 - SELECT * FROM company WHERE id = ?
2019-12-09 16:00:24 INFO  CompanyDAOImpl:33 - SELECT * FROM company WHERE id = ?
2019-12-09 16:00:24 INFO  BusinessTypeDAOImpl:36 - SELECT * FROM business_type WHERE id = ?
2019-12-09 16:00:24 INFO  CompanyDAOImpl:33 - SELECT * FROM company WHERE id = ?
2019-12-09 16:00:24 INFO  CompanyDAOImpl:33 - SELECT * FROM company WHERE id = ?
2019-12-09 16:00:24 INFO  BusinessTypeDAOImpl:36 - SELECT * FROM business_type WHERE id = ?
2019-12-09 16:00:24 INFO  CompanyDAOImpl:33 - SELECT * FROM company WHERE id = ?
2019-12-09 16:00:24 INFO  CompanyDAOImpl:33 - SELECT * FROM company WHERE id = ?
2019-12-09 16:00:24 INFO  BusinessTypeDAOImpl:36 - SELECT * FROM business_type WHERE id = ?
2019-12-09 16:00:24 INFO  CompanyDAOImpl:33 - SELECT * FROM company WHERE id = ?
2019-12-09 16:00:24 INFO  CompanyDAOImpl:33 - SELECT * FROM company WHERE id = ?
2019-12-09 16:00:25 INFO  BusinessTypeDAOImpl:36 - SELECT * FROM business_type WHERE id = ?
2019-12-09 16:00:25 INFO  CompanyDAOImpl:33 - SELECT * FROM company WHERE id = ?
2019-12-09 16:00:25 INFO  CompanyDAOImpl:33 - SELECT * FROM company WHERE id = ?
2019-12-09 16:00:25 INFO  BusinessTypeDAOImpl:36 - SELECT * FROM business_type WHERE id = ?
2019-12-09 16:00:25 INFO  CompanyDAOImpl:33 - SELECT * FROM company WHERE id = ?
2019-12-09 16:00:25 INFO  CompanyDAOImpl:33 - SELECT * FROM company WHERE id = ?
2019-12-09 16:00:25 INFO  BusinessTypeDAOImpl:36 - SELECT * FROM business_type WHERE id = ?
2019-12-09 16:00:25 INFO  CompanyDAOImpl:33 - SELECT * FROM company WHERE id = ?
2019-12-09 16:00:25 INFO  CompanyDAOImpl:33 - SELECT * FROM company WHERE id = ?
2019-12-09 16:00:25 INFO  BusinessTypeDAOImpl:36 - SELECT * FROM business_type WHERE id = ?
2019-12-09 16:00:25 INFO  CompanyDAOImpl:33 - SELECT * FROM company WHERE id = ?
2019-12-09 16:00:25 INFO  CompanyDAOImpl:33 - SELECT * FROM company WHERE id = ?
2019-12-09 16:00:25 INFO  BusinessTypeDAOImpl:36 - SELECT * FROM business_type WHERE id = ?
2019-12-09 16:00:25 INFO  CompanyDAOImpl:33 - SELECT * FROM company WHERE id = ?
2019-12-09 16:00:25 INFO  CompanyDAOImpl:33 - SELECT * FROM company WHERE id = ?
2019-12-09 16:00:26 INFO  BusinessTypeDAOImpl:36 - SELECT * FROM business_type WHERE id = ?
2019-12-09 16:00:26 INFO  CompanyDAOImpl:33 - SELECT * FROM company WHERE id = ?
2019-12-09 16:00:26 INFO  CompanyDAOImpl:33 - SELECT * FROM company WHERE id = ?
2019-12-09 16:00:26 INFO  BusinessTypeDAOImpl:36 - SELECT * FROM business_type WHERE id = ?
2019-12-09 16:00:26 INFO  CompanyDAOImpl:33 - SELECT * FROM company WHERE id = ?
2019-12-09 16:00:26 INFO  CompanyDAOImpl:33 - SELECT * FROM company WHERE id = ?
2019-12-09 16:00:26 INFO  BusinessTypeDAOImpl:36 - SELECT * FROM business_type WHERE id = ?
2019-12-09 16:00:26 INFO  CompanyDAOImpl:33 - SELECT * FROM company WHERE id = ?
2019-12-09 16:00:26 INFO  CompanyDAOImpl:33 - SELECT * FROM company WHERE id = ?
2019-12-09 16:00:26 INFO  BusinessTypeDAOImpl:36 - SELECT * FROM business_type WHERE id = ?
2019-12-09 16:00:26 INFO  CompanyDAOImpl:33 - SELECT * FROM company WHERE id = ?
2019-12-09 16:00:26 INFO  CompanyDAOImpl:33 - SELECT * FROM company WHERE id = ?
2019-12-09 16:00:26 INFO  BusinessTypeDAOImpl:36 - SELECT * FROM business_type WHERE id = ?
2019-12-09 16:00:26 INFO  CompanyDAOImpl:33 - SELECT * FROM company WHERE id = ?
2019-12-09 16:00:26 INFO  CompanyDAOImpl:33 - SELECT * FROM company WHERE id = ?
2019-12-09 16:00:26 INFO  BusinessTypeDAOImpl:36 - SELECT * FROM business_type WHERE id = ?
2019-12-09 16:00:26 INFO  CompanyDAOImpl:33 - SELECT * FROM company WHERE id = ?
2019-12-09 16:00:26 INFO  CompanyDAOImpl:33 - SELECT * FROM company WHERE id = ?
2019-12-09 16:00:27 INFO  BusinessTypeDAOImpl:36 - SELECT * FROM business_type WHERE id = ?
2019-12-09 16:00:27 INFO  CompanyDAOImpl:33 - SELECT * FROM company WHERE id = ?
2019-12-09 16:00:27 INFO  CompanyDAOImpl:33 - SELECT * FROM company WHERE id = ?
2019-12-09 16:00:27 INFO  BusinessTypeDAOImpl:36 - SELECT * FROM business_type WHERE id = ?
2019-12-09 16:00:27 INFO  CompanyDAOImpl:33 - SELECT * FROM company WHERE id = ?
2019-12-09 16:00:27 INFO  CompanyDAOImpl:33 - SELECT * FROM company WHERE id = ?
2019-12-09 16:00:27 INFO  BusinessTypeDAOImpl:36 - SELECT * FROM business_type WHERE id = ?
2019-12-09 16:00:27 INFO  CompanyDAOImpl:33 - SELECT * FROM company WHERE id = ?
2019-12-09 16:00:27 INFO  CompanyDAOImpl:33 - SELECT * FROM company WHERE id = ?
2019-12-09 16:00:27 INFO  BusinessTypeDAOImpl:36 - SELECT * FROM business_type WHERE id = ?
2019-12-09 16:00:27 INFO  CompanyDAOImpl:33 - SELECT * FROM company WHERE id = ?
2019-12-09 16:00:27 INFO  CompanyDAOImpl:33 - SELECT * FROM company WHERE id = ?
2019-12-09 16:00:27 INFO  BusinessTypeDAOImpl:36 - SELECT * FROM business_type WHERE id = ?
2019-12-09 16:00:27 INFO  CompanyDAOImpl:33 - SELECT * FROM company WHERE id = ?
2019-12-09 16:00:27 INFO  CompanyDAOImpl:33 - SELECT * FROM company WHERE id = ?
2019-12-09 16:00:27 INFO  BusinessTypeDAOImpl:36 - SELECT * FROM business_type WHERE id = ?
2019-12-09 16:00:27 INFO  CompanyDAOImpl:33 - SELECT * FROM company WHERE id = ?
2019-12-09 16:00:27 INFO  CompanyDAOImpl:33 - SELECT * FROM company WHERE id = ?
2019-12-09 16:00:28 INFO  BusinessTypeDAOImpl:36 - SELECT * FROM business_type WHERE id = ?
2019-12-09 16:00:28 INFO  CompanyDAOImpl:33 - SELECT * FROM company WHERE id = ?
2019-12-09 16:00:28 INFO  CompanyDAOImpl:33 - SELECT * FROM company WHERE id = ?
2019-12-09 16:00:28 INFO  BusinessTypeDAOImpl:36 - SELECT * FROM business_type WHERE id = ?
2019-12-09 16:00:28 INFO  CompanyDAOImpl:33 - SELECT * FROM company WHERE id = ?
2019-12-09 16:00:28 INFO  CompanyDAOImpl:33 - SELECT * FROM company WHERE id = ?
2019-12-09 16:00:28 INFO  BusinessTypeDAOImpl:36 - SELECT * FROM business_type WHERE id = ?
2019-12-09 16:00:28 INFO  CompanyDAOImpl:33 - SELECT * FROM company WHERE id = ?
2019-12-09 16:00:28 INFO  CompanyDAOImpl:33 - SELECT * FROM company WHERE id = ?
2019-12-09 16:00:28 INFO  BusinessTypeDAOImpl:36 - SELECT * FROM business_type WHERE id = ?
2019-12-09 16:00:28 INFO  CompanyDAOImpl:33 - SELECT * FROM company WHERE id = ?
2019-12-09 16:00:28 INFO  CompanyDAOImpl:33 - SELECT * FROM company WHERE id = ?
2019-12-09 16:00:28 INFO  BusinessTypeDAOImpl:36 - SELECT * FROM business_type WHERE id = ?
2019-12-09 16:00:28 INFO  CompanyDAOImpl:33 - SELECT * FROM company WHERE id = ?
2019-12-09 16:00:28 INFO  CompanyDAOImpl:33 - SELECT * FROM company WHERE id = ?
2019-12-09 16:00:28 INFO  BusinessTypeDAOImpl:36 - SELECT * FROM business_type WHERE id = ?
2019-12-09 16:00:28 INFO  CompanyDAOImpl:33 - SELECT * FROM company WHERE id = ?
2019-12-09 16:00:28 INFO  CompanyDAOImpl:33 - SELECT * FROM company WHERE id = ?
2019-12-09 16:00:28 INFO  BusinessTypeDAOImpl:36 - SELECT * FROM business_type WHERE id = ?
2019-12-09 16:00:28 INFO  CompanyDAOImpl:33 - SELECT * FROM company WHERE id = ?
2019-12-09 16:00:29 INFO  CompanyDAOImpl:33 - SELECT * FROM company WHERE id = ?
2019-12-09 16:00:29 INFO  BusinessTypeDAOImpl:36 - SELECT * FROM business_type WHERE id = ?
2019-12-09 16:00:29 INFO  CompanyDAOImpl:33 - SELECT * FROM company WHERE id = ?
2019-12-09 16:00:29 INFO  CompanyDAOImpl:33 - SELECT * FROM company WHERE id = ?
2019-12-09 16:00:29 INFO  BusinessTypeDAOImpl:36 - SELECT * FROM business_type WHERE id = ?
2019-12-09 16:00:29 INFO  CompanyDAOImpl:33 - SELECT * FROM company WHERE id = ?
2019-12-09 16:00:29 INFO  CompanyDAOImpl:33 - SELECT * FROM company WHERE id = ?
2019-12-09 16:00:29 INFO  BusinessTypeDAOImpl:36 - SELECT * FROM business_type WHERE id = ?
2019-12-09 16:00:29 INFO  CompanyDAOImpl:33 - SELECT * FROM company WHERE id = ?
2019-12-09 16:00:29 INFO  CompanyDAOImpl:33 - SELECT * FROM company WHERE id = ?
2019-12-09 16:00:29 INFO  BusinessTypeDAOImpl:36 - SELECT * FROM business_type WHERE id = ?
2019-12-09 16:00:29 INFO  CompanyDAOImpl:33 - SELECT * FROM company WHERE id = ?
2019-12-09 16:00:29 INFO  CompanyDAOImpl:33 - SELECT * FROM company WHERE id = ?
2019-12-09 16:00:29 INFO  BusinessTypeDAOImpl:36 - SELECT * FROM business_type WHERE id = ?
2019-12-09 16:00:29 INFO  CompanyDAOImpl:33 - SELECT * FROM company WHERE id = ?
2019-12-09 16:00:29 INFO  CompanyDAOImpl:33 - SELECT * FROM company WHERE id = ?
2019-12-09 16:00:29 INFO  BusinessTypeDAOImpl:36 - SELECT * FROM business_type WHERE id = ?
2019-12-09 16:00:29 INFO  CompanyDAOImpl:33 - SELECT * FROM company WHERE id = ?
2019-12-09 16:00:29 INFO  CompanyDAOImpl:33 - SELECT * FROM company WHERE id = ?
2019-12-09 16:00:30 INFO  BusinessTypeDAOImpl:36 - SELECT * FROM business_type WHERE id = ?
2019-12-09 16:00:30 INFO  CompanyDAOImpl:33 - SELECT * FROM company WHERE id = ?
2019-12-09 16:00:30 INFO  CompanyDAOImpl:33 - SELECT * FROM company WHERE id = ?
2019-12-09 16:00:30 INFO  BusinessTypeDAOImpl:36 - SELECT * FROM business_type WHERE id = ?
2019-12-09 16:00:30 INFO  CompanyDAOImpl:33 - SELECT * FROM company WHERE id = ?
2019-12-09 16:00:30 INFO  CompanyDAOImpl:33 - SELECT * FROM company WHERE id = ?
2019-12-09 16:00:30 INFO  ExcelReader:145 - write file: DSPTTinhBacNinh.xlsx
2019-12-09 16:04:21 INFO  ProvincialDAOImpl:31 - SELECT * FROM provincial WHERE name = ?
2019-12-09 16:04:21 INFO  VehicleDAOImpl:66 - SELECT V.id, V.license_plate, V.seat, V.weight, V.business_type_id, V.provincial_id, V.transport_unit_id, V.data_transport_id FROM vehicle V JOIN provincial P on V.provincial_id = P.id WHERE V.provincial_id = ?
2019-12-09 16:04:21 INFO  ProvincialDAOImpl:24 - SELECT * FROM provincial WHERE id = ?
2019-12-09 16:04:21 INFO  ExcelReader:145 - write file: DSPTTinhBacNinh.xlsx
2019-12-09 16:05:11 DEBUG logging:37 - Logging Provider: org.jboss.logging.Log4jLoggerProvider
2019-12-09 16:05:11 INFO  servletWeldServlet:58 - WELD-ENV-001008: Initialize Weld using ServletContainerInitializer
2019-12-09 16:05:11 INFO  Version:145 - WELD-000900: 3.0.2 (Final)
2019-12-09 16:05:11 DEBUG Bootstrap:129 - WELD-ENV-000030: Cannot load class using the ResourceLoader: org.jboss.jandex.Index
2019-12-09 16:05:11 DEBUG Bootstrap:129 - WELD-ENV-000030: Cannot load class using the ResourceLoader: org.jboss.jandex.Index
2019-12-09 16:05:11 DEBUG Bootstrap:307 - WELD-ENV-000024: Archive isolation enabled - creating multiple isolated bean archives if needed
2019-12-09 16:05:11 WARN  Bootstrap:163 - WELD-ENV-000028: Weld initialization skipped - no bean archive found
2019-12-09 16:05:37 INFO  ProvincialDAOImpl:31 - SELECT * FROM provincial WHERE name = ?
2019-12-09 16:06:25 INFO  VehicleDAOImpl:66 - SELECT V.id, V.license_plate, V.seat, V.weight, V.business_type_id, V.provincial_id, V.transport_unit_id, V.data_transport_id FROM vehicle V JOIN provincial P on V.provincial_id = P.id WHERE V.provincial_id = ?
2019-12-09 16:06:35 INFO  ProvincialDAOImpl:24 - SELECT * FROM provincial WHERE id = ?
2019-12-09 16:06:36 INFO  BusinessTypeDAOImpl:36 - SELECT * FROM business_type WHERE id = ?
2019-12-09 16:06:36 INFO  CompanyDAOImpl:33 - SELECT * FROM company WHERE id = ?
2019-12-09 16:06:36 INFO  CompanyDAOImpl:33 - SELECT * FROM company WHERE id = ?
2019-12-09 16:06:36 INFO  BusinessTypeDAOImpl:36 - SELECT * FROM business_type WHERE id = ?
2019-12-09 16:06:36 INFO  CompanyDAOImpl:33 - SELECT * FROM company WHERE id = ?
2019-12-09 16:06:37 INFO  CompanyDAOImpl:33 - SELECT * FROM company WHERE id = ?
2019-12-09 16:06:37 INFO  BusinessTypeDAOImpl:36 - SELECT * FROM business_type WHERE id = ?
2019-12-09 16:06:37 INFO  CompanyDAOImpl:33 - SELECT * FROM company WHERE id = ?
2019-12-09 16:06:38 INFO  CompanyDAOImpl:33 - SELECT * FROM company WHERE id = ?
2019-12-09 16:06:38 INFO  BusinessTypeDAOImpl:36 - SELECT * FROM business_type WHERE id = ?
2019-12-09 16:06:39 INFO  CompanyDAOImpl:33 - SELECT * FROM company WHERE id = ?
2019-12-09 16:06:39 INFO  CompanyDAOImpl:33 - SELECT * FROM company WHERE id = ?
2019-12-09 16:06:39 INFO  BusinessTypeDAOImpl:36 - SELECT * FROM business_type WHERE id = ?
2019-12-09 16:06:39 INFO  CompanyDAOImpl:33 - SELECT * FROM company WHERE id = ?
2019-12-09 16:06:39 INFO  CompanyDAOImpl:33 - SELECT * FROM company WHERE id = ?
2019-12-09 16:06:39 INFO  BusinessTypeDAOImpl:36 - SELECT * FROM business_type WHERE id = ?
2019-12-09 16:06:39 INFO  CompanyDAOImpl:33 - SELECT * FROM company WHERE id = ?
2019-12-09 16:06:39 INFO  CompanyDAOImpl:33 - SELECT * FROM company WHERE id = ?
2019-12-09 16:06:48 INFO  ExcelReader:145 - write file: DSPTTinhBacNinh.xlsx
